============================= test session starts ==============================
platform linux -- Python 3.10.18, pytest-8.4.2, pluggy-1.6.0
rootdir: /home/runner/work/sarsampling-iec62209/sarsampling-iec62209
configfile: pytest.ini
plugins: cov-7.0.0, local-badge-1.0.3
collected 17 items

tests/test_lhs.py .......                                                [ 41%]
tests/test_sample.py .....                                               [ 70%]
tests/test_sarsampler.py ....                                            [ 94%]
tests/test_voronoi.py .                                                  [100%]

================================ tests coverage ================================
_______________ coverage: platform linux, python 3.10.18-final-0 _______________

Name                                  Stmts   Miss  Cover   Missing
-------------------------------------------------------------------
src/sar_sampling/__init__.py              4      0   100%
src/sar_sampling/data/__init__.py         0      0   100%
src/sar_sampling/lhs.py                 182     28    85%   77, 92, 94, 96, 99, 105, 107, 110, 112, 116, 119, 133, 163-166, 182, 238, 294, 305, 312-319, 323
src/sar_sampling/sample.py               95      8    92%   86, 88, 90, 101, 193, 214, 216, 222
src/sar_sampling/sarsampler.py          189     23    88%   124, 128-129, 200, 251-252, 271, 273, 276, 290, 295, 299-300, 306, 318-321, 329, 331, 342-343, 345, 353
src/sar_sampling/valset_producer.py      18     18     0%   1-37
src/sar_sampling/voronoi.py              66      4    94%   41, 43, 59, 64
-------------------------------------------------------------------
TOTAL                                   554     81    85%
============================== 17 passed in 4.94s ==============================
